0 info it worked if it ends with ok
1 verbose cli [ '/usr/bin/nodejs', '/usr/bin/npm', 'run', 'build' ]
2 info using npm@3.5.2
3 info using node@v4.2.6
4 verbose run-script [ 'prebuild', 'build', 'postbuild' ]
5 info lifecycle cryptonote-universal-pool-list@1.5.0~prebuild: cryptonote-universal-pool-list@1.5.0
6 silly lifecycle cryptonote-universal-pool-list@1.5.0~prebuild: no script for prebuild, continuing
7 info lifecycle cryptonote-universal-pool-list@1.5.0~build: cryptonote-universal-pool-list@1.5.0
8 verbose lifecycle cryptonote-universal-pool-list@1.5.0~build: unsafe-perm in lifecycle true
9 verbose lifecycle cryptonote-universal-pool-list@1.5.0~build: PATH: /usr/share/npm/bin/node-gyp-bin:/home/poollist/cryptonote-universal-pool-list/node_modules/.bin:/home/poollist/bin:/home/poollist/.local/bin:/usr/local/bin:/usr/bin:/bin:/usr/local/games:/usr/games:/snap/bin
10 verbose lifecycle cryptonote-universal-pool-list@1.5.0~build: CWD: /home/poollist/cryptonote-universal-pool-list
11 silly lifecycle cryptonote-universal-pool-list@1.5.0~build: Args: [ '-c',
11 silly lifecycle   'rimraf lib && babel src/back -d lib && webpack --mode=production' ]
12 info lifecycle cryptonote-universal-pool-list@1.5.0~build: Failed to exec build script
13 verbose stack Error: cryptonote-universal-pool-list@1.5.0 build: `rimraf lib && babel src/back -d lib && webpack --mode=production`
13 verbose stack spawn ENOENT
13 verbose stack     at ChildProcess.<anonymous> (/usr/share/npm/lib/utils/spawn.js:17:16)
13 verbose stack     at emitTwo (events.js:87:13)
13 verbose stack     at ChildProcess.emit (events.js:172:7)
13 verbose stack     at maybeClose (internal/child_process.js:821:16)
13 verbose stack     at Process.ChildProcess._handle.onexit (internal/child_process.js:211:5)
14 verbose pkgid cryptonote-universal-pool-list@1.5.0
15 verbose cwd /home/poollist/cryptonote-universal-pool-list/scripts
16 error Linux 4.4.0-109-generic
17 error argv "/usr/bin/nodejs" "/usr/bin/npm" "run" "build"
18 error node v4.2.6
19 error npm  v3.5.2
20 error file sh
21 error code ELIFECYCLE
22 error errno ENOENT
23 error syscall spawn
24 error cryptonote-universal-pool-list@1.5.0 build: `rimraf lib && babel src/back -d lib && webpack --mode=production`
24 error spawn ENOENT
25 error Failed at the cryptonote-universal-pool-list@1.5.0 build script 'rimraf lib && babel src/back -d lib && webpack --mode=production'.
25 error Make sure you have the latest version of node.js and npm installed.
25 error If you do, this is most likely a problem with the cryptonote-universal-pool-list package,
25 error not with npm itself.
25 error Tell the author that this fails on your system:
25 error     rimraf lib && babel src/back -d lib && webpack --mode=production
25 error You can get information on how to open an issue for this project with:
25 error     npm bugs cryptonote-universal-pool-list
25 error Or if that isn't available, you can get their info via:
25 error     npm owner ls cryptonote-universal-pool-list
25 error There is likely additional logging output above.
26 verbose exit [ 1, true ]
